<?xml version="1.0" encoding="UTF-8"?>
<!-- Generated by org.testng.reporters.JUnitReportReporter -->
<testsuite hostname="LAPTOP-1BEOU3RG" name="samplePackage.SecondMavinClass" tests="1" failures="0" timestamp="8 Mar 2020 05:59:44 GMT" time="5.781" errors="0">
  <testcase name="test2" time="5.781" classname="samplePackage.SecondMavinClass"/>
</testsuite>
