<?xml version="1.0" encoding="UTF-8"?>
<!-- Generated by org.testng.reporters.JUnitReportReporter -->
<testsuite hostname="LAPTOP-1BEOU3RG" name="samplePackage.ThirdMavinClass" tests="1" failures="0" timestamp="8 Mar 2020 05:59:44 GMT" time="0.000" errors="0">
  <testcase name="test1" time="0.000" classname="samplePackage.ThirdMavinClass"/>
</testsuite>
